Started GET "/" for ::1 at 2020-04-07 13:10:33 +0700
  [1m[35m (11.3ms)[0m  [1m[34mSELECT sqlite_version(*)[0m
Processing by Rails::WelcomeController#index as HTML
  Rendering /Users/muhamadazhar/.rvm/gems/ruby-2.6.3/gems/railties-6.0.2.2/lib/rails/templates/rails/welcome/index.html.erb
  Rendered /Users/muhamadazhar/.rvm/gems/ruby-2.6.3/gems/railties-6.0.2.2/lib/rails/templates/rails/welcome/index.html.erb (Duration: 19.6ms | Allocations: 481)
Completed 200 OK in 79ms (Views: 51.3ms | ActiveRecord: 0.0ms | Allocations: 2889)


Started GET "/" for ::1 at 2020-04-07 13:17:40 +0700
  [1m[35m (0.2ms)[0m  [1m[34mSELECT sqlite_version(*)[0m
Processing by ApplicationController#awesome_action as HTML
  Rendering html template
  Rendered html template (Duration: 0.1ms | Allocations: 4)
Completed 200 OK in 18ms (Views: 12.9ms | ActiveRecord: 0.0ms | Allocations: 830)


  [1m[35m (566.6ms)[0m  [1m[35mCREATE DATABASE "sample_postgres_development" ENCODING = 'unicode'[0m
  [1m[35m (6.8ms)[0m  [1m[35mCREATE DATABASE "sample_postgres_development" ENCODING = 'unicode'[0m
  [1m[35m (102.4ms)[0m  [1m[35mCREATE TABLE "schema_migrations" ("version" character varying NOT NULL PRIMARY KEY)[0m
  [1m[35m (43.9ms)[0m  [1m[35mCREATE TABLE "ar_internal_metadata" ("key" character varying NOT NULL PRIMARY KEY, "value" character varying, "created_at" timestamp(6) NOT NULL, "updated_at" timestamp(6) NOT NULL)[0m
  [1m[35m (2.2ms)[0m  [1m[34mSELECT pg_try_advisory_lock(1826001336522020910)[0m
  [1m[35m (2.8ms)[0m  [1m[34mSELECT "schema_migrations"."version" FROM "schema_migrations" ORDER BY "schema_migrations"."version" ASC[0m
Migrating to CreateBooks (20200408150435)
  [1m[35m (0.3ms)[0m  [1m[35mBEGIN[0m
  [1m[35m (71.1ms)[0m  [1m[35mCREATE TABLE "books" ("id" bigserial primary key, "title" character varying, "page" integer, "description" text, "created_at" timestamp(6) NOT NULL, "updated_at" timestamp(6) NOT NULL)[0m
  [1m[36mprimary::SchemaMigration Create (7.4ms)[0m  [1m[32mINSERT INTO "schema_migrations" ("version") VALUES ($1) RETURNING "version"[0m  [["version", "20200408150435"]]
  [1m[35m (12.4ms)[0m  [1m[35mCOMMIT[0m
  [1m[36mActiveRecord::InternalMetadata Load (0.6ms)[0m  [1m[34mSELECT "ar_internal_metadata".* FROM "ar_internal_metadata" WHERE "ar_internal_metadata"."key" = $1 LIMIT $2[0m  [["key", "environment"], ["LIMIT", 1]]
  [1m[35m (0.3ms)[0m  [1m[35mBEGIN[0m
  [1m[36mActiveRecord::InternalMetadata Create (16.1ms)[0m  [1m[32mINSERT INTO "ar_internal_metadata" ("key", "value", "created_at", "updated_at") VALUES ($1, $2, $3, $4) RETURNING "key"[0m  [["key", "environment"], ["value", "development"], ["created_at", "2020-04-09 04:48:40.878322"], ["updated_at", "2020-04-09 04:48:40.878322"]]
  [1m[35m (11.1ms)[0m  [1m[35mCOMMIT[0m
  [1m[35m (0.6ms)[0m  [1m[34mSELECT pg_advisory_unlock(1826001336522020910)[0m
  [1m[35m (2.4ms)[0m  [1m[34mSELECT "schema_migrations"."version" FROM "schema_migrations" ORDER BY "schema_migrations"."version" ASC[0m
